<?xml version="1.0" encoding="UTF-8"?>
<!-- Generated by org.testng.reporters.JUnitReportReporter -->
<testsuite skipped="0" hostname="ANANDRAJU-PC" name="com.scipio.qa.test.LoginPageTest" tests="3" failures="0" timestamp="2021-02-23T21:01:25 IST" time="35.749" errors="0">
  <testcase name="loginPageTitleTest" time="11.865" classname="com.scipio.qa.test.LoginPageTest"/>
  <system-out/>
  <testcase name="brandLogoImageTest" time="9.902" classname="com.scipio.qa.test.LoginPageTest"/>
  <system-out/>
  <testcase name="loginTest" time="13.982" classname="com.scipio.qa.test.LoginPageTest"/>
  <system-out/>
</testsuite> <!-- com.scipio.qa.test.LoginPageTest -->
